<?xml version="1.0" encoding="UTF-8"?>
<!-- Generated by org.testng.reporters.JUnitReportReporter -->
<testsuite hostname="DESKTOP-PEV4LLI" failures="0" tests="1" name="TestCases.TestCases" time="24.999" errors="0" timestamp="2022-05-13T01:44:55 IST" skipped="0">
  <testcase classname="TestCases.TestCases" name="dologin" time="24.999"/>
  <system-out/>
</testsuite> <!-- TestCases.TestCases -->
